
> ai-coding-mentor@0.1.0 build
> next build

  Γû▓ Next.js 14.2.18
  - Environments: .env.local

   Creating an optimized production build ...
 Γ£ô Compiled successfully
   Linting and checking validity of types ...
node.exe : Failed to compile.
At C:\Program 
Files\nodejs\npm.ps1:29 char:3
+   & $NODE_EXE $NPM_CLI_JS 
$args
+   
~~~~~~~~~~~~~~~~~~~~~~~~~~~~~
    + CategoryInfo          :  
   NotSpecified: (Failed to c  
  ompile.:String) [], Remote   
 Exception
    + FullyQualifiedErrorId :  
   NativeCommandError
 

./components/ConsoleOutput.tsx:
254:44
Type error: Property 'inline' 
does not exist on type 
'ClassAttributes<HTMLElement> 
& HTMLAttributes<HTMLElement> 
& ExtraProps'.

[0m [90m 252 |[39m          
                   
ul[33m:[39m ({ 
node[33m,[39m 
[33m...[39mprops }) 
[33m=>[39m 
[33m<[39m[33mul[39m classNa
me[33m=[39m[32m"list-disc 
pl-5 space-y-1 text-sm 
text-slate-300"[39m 
{[33m...[39mprops} [33m/[39
m[33m>[39m[33m,[39m[0m
[0m [90m 253 |[39m          
                   
ol[33m:[39m ({ 
node[33m,[39m 
[33m...[39mprops }) 
[33m=>[39m 
[33m<[39m[33mol[39m classNa
me[33m=[39m[32m"list-decimal
 pl-5 space-y-1 text-sm 
text-slate-300"[39m 
{[33m...[39mprops} [33m/[39
m[33m>[39m[33m,[39m[0m
[0m[31m[1m>[22m[39m[90m 
254 |[39m                     
        code[33m:[39m ({ 
node[33m,[39m 
inline[33m,[39m 
[33m...[39mprops }) 
[33m=>[39m ([0m
[0m [90m     |[39m          
                               
   [31m[1m^[22m[39m[0m
[0m [90m 255 |[39m          
                     inline 
[0m
[0m [90m 256 |[39m          
                       
[33m?[39m 
[33m<[39m[33mcode[39m class
Name[33m=[39m[32m"bg-slate-8
00 text-cyan-300 px-1 py-0.5 
rounded text-xs"[39m 
{[33m...[39mprops} 
[33m/[39m[33m>[39m [0m
[0m [90m 257 |[39m          
                       
[33m:[39m 
[33m<[39m[33mpre[39m classN
ame[33m=[39m[32m"font-mono 
bg-slate-900 p-2 rounded 
text-xs overflow-x-auto 
text-slate-300 mt-2 mb-2"[39m
[33m>[39m[33m<[39m[33mcode
[39m {[33m...[39mprops} [33m
/[39m[33m>[39m[33m<[39m[3
3m/[39m[33mpre[39m[33m>[39
m[0m
